#-----------------------------------------------------------
# Vivado v2018.3 (64-bit)
# SW Build 2405991 on Thu Dec  6 23:38:27 MST 2018
# IP Build 2404404 on Fri Dec  7 01:43:56 MST 2018
# Start of session at: Fri Jul 31 19:54:18 2020
# Process ID: 15732
# Current directory: E:/Desktop/posture_detection
# Command line: vivado.exe -gui_launcher_event rodinguilauncherevent14044 E:\Desktop\posture_detection\posture_detection.xpr
# Log file: E:/Desktop/posture_detection/vivado.log
# Journal file: E:/Desktop/posture_detection\vivado.jou
#-----------------------------------------------------------
start_gui
open_project E:/Desktop/posture_detection/posture_detection.xpr
Scanning sources...
Finished scanning sources
INFO: [IP_Flow 19-234] Refreshing IP repositories
INFO: [IP_Flow 19-1704] No user IP repositories specified
INFO: [IP_Flow 19-2313] Loaded Vivado IP repository 'G:/Xilinx/Vivado/2018.3/data/ip'.
open_project: Time (s): cpu = 00:00:10 ; elapsed = 00:00:07 . Memory (MB): peak = 714.051 ; gain = 132.348
file mkdir E:/Desktop/posture_detection/posture_detection.srcs/sources_1/new
close [ open E:/Desktop/posture_detection/posture_detection.srcs/sources_1/new/VGA_driver.v w ]
add_files E:/Desktop/posture_detection/posture_detection.srcs/sources_1/new/VGA_driver.v
close [ open E:/Desktop/posture_detection/posture_detection.srcs/sources_1/new/coor_trans_forward.v w ]
add_files E:/Desktop/posture_detection/posture_detection.srcs/sources_1/new/coor_trans_forward.v
close [ open E:/Desktop/posture_detection/posture_detection.srcs/sources_1/new/Gyro_Demo.v w ]
add_files E:/Desktop/posture_detection/posture_detection.srcs/sources_1/new/Gyro_Demo.v
close [ open E:/Desktop/posture_detection/posture_detection.srcs/sources_1/new/Video_Generator.v w ]
add_files E:/Desktop/posture_detection/posture_detection.srcs/sources_1/new/Video_Generator.v
close [ open E:/Desktop/posture_detection/posture_detection.srcs/sources_1/new/coor_trans.v w ]
add_files E:/Desktop/posture_detection/posture_detection.srcs/sources_1/new/coor_trans.v
close [ open E:/Desktop/posture_detection/posture_detection.srcs/sources_1/new/coor_trans_reverse.v w ]
add_files E:/Desktop/posture_detection/posture_detection.srcs/sources_1/new/coor_trans_reverse.v
close [ open E:/Desktop/posture_detection/posture_detection.srcs/sources_1/new/cos_table.v w ]
add_files E:/Desktop/posture_detection/posture_detection.srcs/sources_1/new/cos_table.v
close [ open E:/Desktop/posture_detection/posture_detection.srcs/sources_1/new/deal_data.v w ]
add_files E:/Desktop/posture_detection/posture_detection.srcs/sources_1/new/deal_data.v
close [ open E:/Desktop/posture_detection/posture_detection.srcs/sources_1/new/Clk_Division.v w ]
add_files E:/Desktop/posture_detection/posture_detection.srcs/sources_1/new/Clk_Division.v
close [ open E:/Desktop/posture_detection/posture_detection.srcs/sources_1/new/sin_table.v w ]
add_files E:/Desktop/posture_detection/posture_detection.srcs/sources_1/new/sin_table.v
close [ open E:/Desktop/posture_detection/posture_detection.srcs/sources_1/new/posture_detection.v w ]
add_files E:/Desktop/posture_detection/posture_detection.srcs/sources_1/new/posture_detection.v
close [ open E:/Desktop/posture_detection/posture_detection.srcs/sources_1/new/Driver_IIC.v w ]
add_files E:/Desktop/posture_detection/posture_detection.srcs/sources_1/new/Driver_IIC.v
close [ open E:/Desktop/posture_detection/posture_detection.srcs/sources_1/new/Driver_Gyro.v w ]
add_files E:/Desktop/posture_detection/posture_detection.srcs/sources_1/new/Driver_Gyro.v
update_compile_order -fileset sources_1
update_compile_order -fileset sources_1
update_compile_order -fileset sources_1
update_compile_order -fileset sources_1
update_compile_order -fileset sources_1
update_compile_order -fileset sources_1
update_compile_order -fileset sources_1
update_compile_order -fileset sources_1
update_compile_order -fileset sources_1
update_compile_order -fileset sources_1
create_ip -name clk_wiz -vendor xilinx.com -library ip -version 6.0 -module_name clk_wiz_0 -dir e:/Desktop/posture_detection/posture_detection.srcs/sources_1/ip
set_property -dict [list CONFIG.PRIMITIVE {MMCM} CONFIG.CLKOUT2_USED {true} CONFIG.CLKOUT3_USED {true} CONFIG.CLKOUT2_REQUESTED_OUT_FREQ {10.000} CONFIG.CLKOUT3_REQUESTED_OUT_FREQ {148.500} CONFIG.USE_LOCKED {false} CONFIG.USE_RESET {false} CONFIG.CLKOUT1_DRIVES {BUFG} CONFIG.CLKOUT2_DRIVES {BUFG} CONFIG.CLKOUT3_DRIVES {BUFG} CONFIG.CLKOUT4_DRIVES {BUFG} CONFIG.CLKOUT5_DRIVES {BUFG} CONFIG.CLKOUT6_DRIVES {BUFG} CONFIG.CLKOUT7_DRIVES {BUFG} CONFIG.FEEDBACK_SOURCE {FDBK_AUTO} CONFIG.MMCM_DIVCLK_DIVIDE {1} CONFIG.MMCM_CLKFBOUT_MULT_F {10.500} CONFIG.MMCM_COMPENSATION {ZHOLD} CONFIG.MMCM_CLKOUT0_DIVIDE_F {10.500} CONFIG.MMCM_CLKOUT1_DIVIDE {105} CONFIG.MMCM_CLKOUT2_DIVIDE {7} CONFIG.NUM_OUT_CLKS {3} CONFIG.CLKOUT1_JITTER {126.133} CONFIG.CLKOUT1_PHASE_ERROR {94.994} CONFIG.CLKOUT2_JITTER {202.666} CONFIG.CLKOUT2_PHASE_ERROR {94.994} CONFIG.CLKOUT3_JITTER {116.798} CONFIG.CLKOUT3_PHASE_ERROR {94.994}] [get_ips clk_wiz_0]
generate_target {instantiation_template} [get_files e:/Desktop/posture_detection/posture_detection.srcs/sources_1/ip/clk_wiz_0/clk_wiz_0.xci]
INFO: [IP_Flow 19-1686] Generating 'Instantiation Template' target for IP 'clk_wiz_0'...
update_compile_order -fileset sources_1
generate_target all [get_files  e:/Desktop/posture_detection/posture_detection.srcs/sources_1/ip/clk_wiz_0/clk_wiz_0.xci]
INFO: [IP_Flow 19-1686] Generating 'Synthesis' target for IP 'clk_wiz_0'...
INFO: [IP_Flow 19-1686] Generating 'Simulation' target for IP 'clk_wiz_0'...
INFO: [IP_Flow 19-1686] Generating 'Implementation' target for IP 'clk_wiz_0'...
INFO: [IP_Flow 19-1686] Generating 'Change Log' target for IP 'clk_wiz_0'...
catch { config_ip_cache -export [get_ips -all clk_wiz_0] }
export_ip_user_files -of_objects [get_files e:/Desktop/posture_detection/posture_detection.srcs/sources_1/ip/clk_wiz_0/clk_wiz_0.xci] -no_script -sync -force -quiet
create_ip_run [get_files -of_objects [get_fileset sources_1] e:/Desktop/posture_detection/posture_detection.srcs/sources_1/ip/clk_wiz_0/clk_wiz_0.xci]
launch_runs -jobs 8 clk_wiz_0_synth_1
[Fri Jul 31 20:07:32 2020] Launched clk_wiz_0_synth_1...
Run output will be captured here: E:/Desktop/posture_detection/posture_detection.runs/clk_wiz_0_synth_1/runme.log
export_simulation -of_objects [get_files e:/Desktop/posture_detection/posture_detection.srcs/sources_1/ip/clk_wiz_0/clk_wiz_0.xci] -directory E:/Desktop/posture_detection/posture_detection.ip_user_files/sim_scripts -ip_user_files_dir E:/Desktop/posture_detection/posture_detection.ip_user_files -ipstatic_source_dir E:/Desktop/posture_detection/posture_detection.ip_user_files/ipstatic -lib_map_path [list {modelsim=E:/Desktop/posture_detection/posture_detection.cache/compile_simlib/modelsim} {questa=E:/Desktop/posture_detection/posture_detection.cache/compile_simlib/questa} {riviera=E:/Desktop/posture_detection/posture_detection.cache/compile_simlib/riviera} {activehdl=E:/Desktop/posture_detection/posture_detection.cache/compile_simlib/activehdl}] -use_ip_compiled_libs -force -quiet
set_property  ip_repo_paths  E:/Desktop/SEA-master/Examples/FPGA-IP/Mini-HDMI-IP [current_project]
update_ip_catalog
INFO: [IP_Flow 19-234] Refreshing IP repositories
INFO: [IP_Flow 19-1700] Loaded user IP repository 'e:/Desktop/SEA-master/Examples/FPGA-IP/Mini-HDMI-IP'.
create_ip -name rgb2dvi -vendor digilentinc.com -library ip -version 1.2 -module_name rgb2dvi_0 -dir e:/Desktop/posture_detection/posture_detection.srcs/sources_1/ip
set_property -dict [list CONFIG.kClkPrimitive {PLL}] [get_ips rgb2dvi_0]
generate_target {instantiation_template} [get_files e:/Desktop/posture_detection/posture_detection.srcs/sources_1/ip/rgb2dvi_0/rgb2dvi_0.xci]
INFO: [IP_Flow 19-1686] Generating 'Instantiation Template' target for IP 'rgb2dvi_0'...
update_compile_order -fileset sources_1
generate_target all [get_files  e:/Desktop/posture_detection/posture_detection.srcs/sources_1/ip/rgb2dvi_0/rgb2dvi_0.xci]
INFO: [IP_Flow 19-1686] Generating 'Synthesis' target for IP 'rgb2dvi_0'...
INFO: [IP_Flow 19-1686] Generating 'Simulation' target for IP 'rgb2dvi_0'...
catch { config_ip_cache -export [get_ips -all rgb2dvi_0] }
export_ip_user_files -of_objects [get_files e:/Desktop/posture_detection/posture_detection.srcs/sources_1/ip/rgb2dvi_0/rgb2dvi_0.xci] -no_script -sync -force -quiet
create_ip_run [get_files -of_objects [get_fileset sources_1] e:/Desktop/posture_detection/posture_detection.srcs/sources_1/ip/rgb2dvi_0/rgb2dvi_0.xci]
launch_runs -jobs 8 rgb2dvi_0_synth_1
[Fri Jul 31 20:13:14 2020] Launched rgb2dvi_0_synth_1...
Run output will be captured here: E:/Desktop/posture_detection/posture_detection.runs/rgb2dvi_0_synth_1/runme.log
export_simulation -of_objects [get_files e:/Desktop/posture_detection/posture_detection.srcs/sources_1/ip/rgb2dvi_0/rgb2dvi_0.xci] -directory E:/Desktop/posture_detection/posture_detection.ip_user_files/sim_scripts -ip_user_files_dir E:/Desktop/posture_detection/posture_detection.ip_user_files -ipstatic_source_dir E:/Desktop/posture_detection/posture_detection.ip_user_files/ipstatic -lib_map_path [list {modelsim=E:/Desktop/posture_detection/posture_detection.cache/compile_simlib/modelsim} {questa=E:/Desktop/posture_detection/posture_detection.cache/compile_simlib/questa} {riviera=E:/Desktop/posture_detection/posture_detection.cache/compile_simlib/riviera} {activehdl=E:/Desktop/posture_detection/posture_detection.cache/compile_simlib/activehdl}] -use_ip_compiled_libs -force -quiet
launch_runs synth_1 -jobs 8
[Fri Jul 31 20:13:26 2020] Launched rgb2dvi_0_synth_1...
Run output will be captured here: E:/Desktop/posture_detection/posture_detection.runs/rgb2dvi_0_synth_1/runme.log
[Fri Jul 31 20:13:26 2020] Launched synth_1...
Run output will be captured here: E:/Desktop/posture_detection/posture_detection.runs/synth_1/runme.log
launch_runs impl_1 -jobs 8
[Fri Jul 31 20:15:37 2020] Launched impl_1...
Run output will be captured here: E:/Desktop/posture_detection/posture_detection.runs/impl_1/runme.log
launch_runs impl_1 -to_step write_bitstream -jobs 8
[Fri Jul 31 20:18:23 2020] Launched impl_1...
Run output will be captured here: E:/Desktop/posture_detection/posture_detection.runs/impl_1/runme.log
file mkdir E:/Desktop/posture_detection/posture_detection.srcs/constrs_1
file mkdir E:/Desktop/posture_detection/posture_detection.srcs/constrs_1/new
close [ open E:/Desktop/posture_detection/posture_detection.srcs/constrs_1/new/pin1.xdc w ]
add_files -fileset constrs_1 E:/Desktop/posture_detection/posture_detection.srcs/constrs_1/new/pin1.xdc
reset_run synth_1
launch_runs synth_1 -jobs 8
[Fri Jul 31 20:21:58 2020] Launched synth_1...
Run output will be captured here: E:/Desktop/posture_detection/posture_detection.runs/synth_1/runme.log
launch_runs impl_1 -jobs 8
[Fri Jul 31 20:24:05 2020] Launched impl_1...
Run output will be captured here: E:/Desktop/posture_detection/posture_detection.runs/impl_1/runme.log
launch_runs impl_1 -to_step write_bitstream -jobs 8
[Fri Jul 31 20:26:58 2020] Launched impl_1...
Run output will be captured here: E:/Desktop/posture_detection/posture_detection.runs/impl_1/runme.log
open_hw
connect_hw_server
INFO: [Labtools 27-2285] Connecting to hw_server url TCP:localhost:3121
open_hw_target
INFO: [Labtoolstcl 44-466] Opening hw_target localhost:3121/xilinx_tcf/Digilent/210251A08870
set_property PROGRAM.FILE {E:/Desktop/posture_detection/posture_detection.runs/impl_1/posture_detection.bit} [get_hw_devices xc7s15_0]
current_hw_device [get_hw_devices xc7s15_0]
refresh_hw_device -update_hw_probes false [lindex [get_hw_devices xc7s15_0] 0]
INFO: [Labtools 27-1435] Device xc7s15 (JTAG device index = 0) is not programmed (DONE status = 0).
set_property PROBES.FILE {} [get_hw_devices xc7s15_0]
set_property FULL_PROBES.FILE {} [get_hw_devices xc7s15_0]
set_property PROGRAM.FILE {E:/Desktop/posture_detection/posture_detection.runs/impl_1/posture_detection.bit} [get_hw_devices xc7s15_0]
program_hw_devices [get_hw_devices xc7s15_0]
INFO: [Labtools 27-3164] End of startup status: HIGH
refresh_hw_device [lindex [get_hw_devices xc7s15_0] 0]
INFO: [Labtools 27-1434] Device xc7s15 (JTAG device index = 0) is programmed with a design that has no supported debug core(s) in it.
reset_run synth_1
launch_runs synth_1 -jobs 8
[Fri Jul 31 20:40:37 2020] Launched synth_1...
Run output will be captured here: E:/Desktop/posture_detection/posture_detection.runs/synth_1/runme.log
launch_runs impl_1 -jobs 8
[Fri Jul 31 20:43:11 2020] Launched impl_1...
Run output will be captured here: E:/Desktop/posture_detection/posture_detection.runs/impl_1/runme.log
launch_runs impl_1 -to_step write_bitstream -jobs 8
[Fri Jul 31 20:45:54 2020] Launched impl_1...
Run output will be captured here: E:/Desktop/posture_detection/posture_detection.runs/impl_1/runme.log
set_property PROBES.FILE {} [get_hw_devices xc7s15_0]
set_property FULL_PROBES.FILE {} [get_hw_devices xc7s15_0]
set_property PROGRAM.FILE {E:/Desktop/posture_detection/posture_detection.runs/impl_1/posture_detection.bit} [get_hw_devices xc7s15_0]
program_hw_devices [get_hw_devices xc7s15_0]
INFO: [Labtools 27-3164] End of startup status: HIGH
refresh_hw_device [lindex [get_hw_devices xc7s15_0] 0]
INFO: [Labtools 27-1434] Device xc7s15 (JTAG device index = 0) is programmed with a design that has no supported debug core(s) in it.
reset_run synth_1
launch_runs synth_1 -jobs 8
[Fri Jul 31 20:48:55 2020] Launched synth_1...
Run output will be captured here: E:/Desktop/posture_detection/posture_detection.runs/synth_1/runme.log
launch_runs impl_1 -jobs 8
[Fri Jul 31 20:50:49 2020] Launched impl_1...
Run output will be captured here: E:/Desktop/posture_detection/posture_detection.runs/impl_1/runme.log
launch_runs impl_1 -to_step write_bitstream -jobs 8
[Fri Jul 31 20:53:26 2020] Launched impl_1...
Run output will be captured here: E:/Desktop/posture_detection/posture_detection.runs/impl_1/runme.log
set_property PROBES.FILE {} [get_hw_devices xc7s15_0]
set_property FULL_PROBES.FILE {} [get_hw_devices xc7s15_0]
set_property PROGRAM.FILE {E:/Desktop/posture_detection/posture_detection.runs/impl_1/posture_detection.bit} [get_hw_devices xc7s15_0]
program_hw_devices [get_hw_devices xc7s15_0]
INFO: [Labtools 27-3164] End of startup status: HIGH
refresh_hw_device [lindex [get_hw_devices xc7s15_0] 0]
INFO: [Labtools 27-1434] Device xc7s15 (JTAG device index = 0) is programmed with a design that has no supported debug core(s) in it.
ERROR: [Labtoolstcl 44-513] HW Target shutdown. Closing target: localhost:3121/xilinx_tcf/Digilent/210251A08870
exit
INFO: [Common 17-206] Exiting Vivado at Fri Jul 31 20:58:22 2020...
